2023-11-19 00:50:05.272  INFO 7 --- [                                    ] [          ] [               ] [background-preinit] o.h.validator.internal.util.Version      : HV000001: Hibernate Validator 6.2.5.Final
2023-11-19 00:50:05.305  INFO 7 --- [                                    ] [          ] [               ] [main] im.zhaojun.zfile.ZfileApplication        : Starting ZfileApplication v4.1.5 using Java 1.8.0_362 on 8791a176be4c with PID 7 (/root/app.jar started by root in /root)
2023-11-19 00:50:05.307  INFO 7 --- [                                    ] [          ] [               ] [main] im.zhaojun.zfile.ZfileApplication        : The following 1 profile is active: "prod"
2023-11-19 00:50:07.114  INFO 7 --- [                                    ] [          ] [               ] [main] o.s.b.w.embedded.tomcat.TomcatWebServer  : Tomcat initialized with port(s): 8080 (http)
2023-11-19 00:50:07.123  INFO 7 --- [                                    ] [          ] [               ] [main] o.a.coyote.http11.Http11NioProtocol      : Initializing ProtocolHandler ["http-nio-8080"]
2023-11-19 00:50:07.124  INFO 7 --- [                                    ] [          ] [               ] [main] o.apache.catalina.core.StandardService   : Starting service [Tomcat]
2023-11-19 00:50:07.124  INFO 7 --- [                                    ] [          ] [               ] [main] org.apache.catalina.core.StandardEngine  : Starting Servlet engine: [Apache Tomcat/9.0.75]
2023-11-19 00:50:07.171  INFO 7 --- [                                    ] [          ] [               ] [main] o.a.c.c.C.[Tomcat].[localhost].[/]       : Initializing Spring embedded WebApplicationContext
2023-11-19 00:50:07.172  INFO 7 --- [                                    ] [          ] [               ] [main] w.s.c.ServletWebServerApplicationContext : Root WebApplicationContext: initialization completed in 1816 ms
2023-11-19 00:50:07.340  INFO 7 --- [                                    ] [          ] [               ] [main] i.z.zfile.core.config.MyBatisPlusConfig  : SQLite 数据库文件所在目录: [/root/.zfile-v4/db]
2023-11-19 00:50:07.342  INFO 7 --- [                                    ] [          ] [               ] [main] i.z.zfile.core.config.MyBatisPlusConfig  : 检测到 SQLite 数据库文件所在目录不存在, 已自动创建.
2023-11-19 00:50:07.345  INFO 7 --- [                                    ] [          ] [               ] [main] com.zaxxer.hikari.HikariDataSource       : HikariPool-1 - Starting...
2023-11-19 00:50:07.469  INFO 7 --- [                                    ] [          ] [               ] [main] com.zaxxer.hikari.HikariDataSource       : HikariPool-1 - Start completed.
2023-11-19 00:50:07.534  INFO 7 --- [                                    ] [          ] [               ] [main] o.f.c.internal.license.VersionPrinter    : Flyway Community Edition 7.15.0 by Redgate
2023-11-19 00:50:07.535  INFO 7 --- [                                    ] [          ] [               ] [main] o.f.c.i.database.base.BaseDatabaseType   : Database: jdbc:sqlite:/root/.zfile-v4/db/zfile (SQLite 3.41)
2023-11-19 00:50:07.605  INFO 7 --- [                                    ] [          ] [               ] [main] o.f.core.internal.command.DbValidate     : Successfully validated 20 migrations (execution time 00:00.043s)
2023-11-19 00:50:07.610  INFO 7 --- [                                    ] [          ] [               ] [main] o.f.c.i.s.JdbcTableSchemaHistory         : Creating Schema History table "main"."flyway_schema_history" ...
2023-11-19 00:50:07.638  INFO 7 --- [                                    ] [          ] [               ] [main] o.f.core.internal.command.DbMigrate      : Current version of schema "main": << Empty Schema >>
2023-11-19 00:50:07.638  WARN 7 --- [                                    ] [          ] [               ] [main] o.f.core.internal.command.DbMigrate      : outOfOrder mode is active. Migration of schema "main" may not be reproducible.
2023-11-19 00:50:07.644  INFO 7 --- [                                    ] [          ] [               ] [main] o.f.core.internal.command.DbMigrate      : Migrating schema "main" to version "1 - Base version"
2023-11-19 00:50:07.659  INFO 7 --- [                                    ] [          ] [               ] [main] o.f.core.internal.command.DbMigrate      : Migrating schema "main" to version "2 - download log modify storage key field length"
2023-11-19 00:50:07.670  INFO 7 --- [                                    ] [          ] [               ] [main] o.f.core.internal.command.DbMigrate      : Migrating schema "main" to version "3 - system config add field file click mode"
2023-11-19 00:50:07.681  INFO 7 --- [                                    ] [          ] [               ] [main] o.f.core.internal.command.DbMigrate      : Migrating schema "main" to version "4 - download log modify ip field length"
2023-11-19 00:50:07.692  INFO 7 --- [                                    ] [          ] [               ] [main] o.f.core.internal.command.DbMigrate      : Migrating schema "main" to version "7 - system config add field max file uploads"
2023-11-19 00:50:07.701  INFO 7 --- [                                    ] [          ] [               ] [main] o.f.core.internal.command.DbMigrate      : Migrating schema "main" to version "8 - storage source add field compatibility readme"
2023-11-19 00:50:07.711  INFO 7 --- [                                    ] [          ] [               ] [main] o.f.core.internal.command.DbMigrate      : Migrating schema "main" to version "9 - system config add field only office url"
2023-11-19 00:50:07.722  INFO 7 --- [                                    ] [          ] [               ] [main] o.f.core.internal.command.DbMigrate      : Migrating schema "main" to version "11 - system config modify field only office url to https"
2023-11-19 00:50:07.732  INFO 7 --- [                                    ] [          ] [               ] [main] o.f.core.internal.command.DbMigrate      : Migrating schema "main" to version "12 - system config modify field value to text"
2023-11-19 00:50:07.741  INFO 7 --- [                                    ] [          ] [               ] [main] o.f.core.internal.command.DbMigrate      : Migrating schema "main" to version "13 - system config add field allow path link anon access"
2023-11-19 00:50:07.752  INFO 7 --- [                                    ] [          ] [               ] [main] o.f.core.internal.command.DbMigrate      : Migrating schema "main" to version "14 - system config add field load more size"
2023-11-19 00:50:07.761  INFO 7 --- [                                    ] [          ] [               ] [main] o.f.core.internal.command.DbMigrate      : Migrating schema "main" to version "15 - system config add field site home name"
2023-11-19 00:50:07.769  INFO 7 --- [                                    ] [          ] [               ] [main] o.f.core.internal.command.DbMigrate      : Migrating schema "main" to version "16 - system config add field default sort field"
2023-11-19 00:50:07.777  INFO 7 --- [                                    ] [          ] [               ] [main] o.f.core.internal.command.DbMigrate      : Migrating schema "main" to version "17 - system config add field link limit field"
2023-11-19 00:50:07.787  INFO 7 --- [                                    ] [          ] [               ] [main] o.f.core.internal.command.DbMigrate      : Migrating schema "main" to version "18 - download log add field download type"
2023-11-19 00:50:07.798  INFO 7 --- [                                    ] [          ] [               ] [main] o.f.core.internal.command.DbMigrate      : Migrating schema "main" to version "19 - short link add field expire date"
2023-11-19 00:50:07.809  INFO 7 --- [                                    ] [          ] [               ] [main] o.f.core.internal.command.DbMigrate      : Migrating schema "main" to version "20 - system config add field favicon url field"
2023-11-19 00:50:07.820  INFO 7 --- [                                    ] [          ] [               ] [main] o.f.core.internal.command.DbMigrate      : Migrating schema "main" to version "21 - system config add field expire times field"
2023-11-19 00:50:07.829  INFO 7 --- [                                    ] [          ] [               ] [main] o.f.core.internal.command.DbMigrate      : Migrating schema "main" to version "22 - system config add field default save pwd field"
2023-11-19 00:50:07.839  INFO 7 --- [                                    ] [          ] [               ] [main] o.f.core.internal.command.DbMigrate      : Migrating schema "main" with repeatable migration "data"
2023-11-19 00:50:07.848  INFO 7 --- [                                    ] [          ] [               ] [main] o.f.core.internal.command.DbMigrate      : Successfully applied 20 migrations to schema "main", now at version v22 (execution time 00:00.211s)
2023-11-19 00:50:09.543  INFO 7 --- [                                    ] [          ] [               ] [main] o.s.b.a.w.s.WelcomePageHandlerMapping    : Adding welcome page: class path resource [static/index.html]
2023-11-19 00:50:09.861  INFO 7 --- [                                    ] [          ] [               ] [main] o.a.coyote.http11.Http11NioProtocol      : Starting ProtocolHandler ["http-nio-8080"]
2023-11-19 00:50:09.874  INFO 7 --- [                                    ] [          ] [               ] [main] o.s.b.w.embedded.tomcat.TomcatWebServer  : Tomcat started on port(s): 8080 (http) with context path ''
2023-11-19 00:50:10.560  INFO 7 --- [                                    ] [          ] [               ] [main] im.zhaojun.zfile.ZfileApplication        : Started ZfileApplication in 5.741 seconds (JVM running for 6.213)
2023-11-19 00:50:20.558  INFO 7 --- [                                    ] [          ] [               ] [scheduling-1] i.z.z.m.s.s.AccessTokenRefreshSchedule   : 开始执行需要定期刷新 AccessToken 存储源的定时任务
2023-11-19 00:50:20.560  INFO 7 --- [                                    ] [          ] [               ] [scheduling-1] i.z.z.m.s.s.AccessTokenRefreshSchedule   : 执行需要定期刷新 AccessToken 存储源的定时任务完成
2023-11-19 00:50:26.253  INFO 7 --- [                                    ] [          ] [               ] [http-nio-8080-exec-2] o.a.c.c.C.[Tomcat].[localhost].[/]       : Initializing Spring DispatcherServlet 'dispatcherServlet'
2023-11-19 00:50:26.254  INFO 7 --- [                                    ] [          ] [               ] [http-nio-8080-exec-2] o.s.web.servlet.DispatcherServlet        : Initializing Servlet 'dispatcherServlet'
2023-11-19 00:50:26.256  INFO 7 --- [                                    ] [          ] [               ] [http-nio-8080-exec-2] o.s.web.servlet.DispatcherServlet        : Completed initialization in 1 ms
2023-11-19 00:53:02.611  INFO 7 --- [                                    ] [          ] [               ] [http-nio-8080-exec-5] o.apache.coyote.http11.Http11Processor   : Error parsing HTTP request header
 Note: further occurrences of HTTP request parsing errors will be logged at DEBUG level.

java.lang.IllegalArgumentException: Invalid character found in method name [0x160x030x010x020x1a0x010x000x020x160x030x03P0xe7ar0x82t0x800xbf0xaa0xf90x900xcd0xb1690xb00xee0xf30xb70xa8%0x9a:0x100xcc0x110xf8z0x03"y0x0e ]. HTTP method names must be tokens
	at org.apache.coyote.http11.Http11InputBuffer.parseRequestLine(Http11InputBuffer.java:407)
	at org.apache.coyote.http11.Http11Processor.service(Http11Processor.java:263)
	at org.apache.coyote.AbstractProcessorLight.process(AbstractProcessorLight.java:63)
	at org.apache.coyote.AbstractProtocol$ConnectionHandler.process(AbstractProtocol.java:926)
	at org.apache.tomcat.util.net.NioEndpoint$SocketProcessor.doRun(NioEndpoint.java:1791)
	at org.apache.tomcat.util.net.SocketProcessorBase.run(SocketProcessorBase.java:52)
	at org.apache.tomcat.util.threads.ThreadPoolExecutor.runWorker(ThreadPoolExecutor.java:1191)
	at org.apache.tomcat.util.threads.ThreadPoolExecutor$Worker.run(ThreadPoolExecutor.java:659)
	at org.apache.tomcat.util.threads.TaskThread$WrappingRunnable.run(TaskThread.java:61)
	at java.lang.Thread.run(Thread.java:826)

2023-11-19 00:55:29.522  INFO 7 --- [d32d6665-e9df-41ac-9188-7a8161eea06f] [     admin] [     172.20.0.1] [http-nio-8080-exec-1] i.z.z.m.s.service.StorageSourceService   : 尝试保存存储源, id: null, name: XRViewer, key: null, type: 本地存储
2023-11-19 00:55:29.533  INFO 7 --- [d32d6665-e9df-41ac-9188-7a8161eea06f] [     admin] [     172.20.0.1] [http-nio-8080-exec-1] i.z.z.m.s.service.StorageSourceService   : 保存存储源成功, id: 1, name: XRViewer, key: 1, type: 本地存储
2023-11-19 00:55:29.536  INFO 7 --- [d32d6665-e9df-41ac-9188-7a8161eea06f] [     admin] [     172.20.0.1] [http-nio-8080-exec-1] i.z.z.m.s.s.StorageSourceConfigService   : 删除存储源 ID 为 1 的参数配置 0 条
2023-11-19 00:55:29.537  INFO 7 --- [d32d6665-e9df-41ac-9188-7a8161eea06f] [     admin] [     172.20.0.1] [http-nio-8080-exec-1] i.z.z.m.s.s.StorageSourceConfigService   : 更新存储源 ID 为 1 的参数配置 4 条
2023-11-19 00:55:29.540  INFO 7 --- [d32d6665-e9df-41ac-9188-7a8161eea06f] [     admin] [     172.20.0.1] [http-nio-8080-exec-1] i.z.z.m.s.service.StorageSourceService   : 保存存储源参数成功，尝试根据参数初始化存储源, id: 1, name: XRViewer, config size: 4
2023-11-19 00:55:29.553 ERROR 7 --- [d32d6665-e9df-41ac-9188-7a8161eea06f] [     admin] [     172.20.0.1] [http-nio-8080-exec-1] i.z.z.c.e.h.GlobalExceptionHandler       : 初始化存储源 1 失败

im.zhaojun.zfile.core.exception.file.init.InitializeStorageSourceException: 文件路径:「/root/zfile/data」不存在, 请检查是否填写正确.
	at im.zhaojun.zfile.module.storage.service.impl.LocalServiceImpl.init(LocalServiceImpl.java:58)
	at im.zhaojun.zfile.module.storage.service.base.AbstractBaseFileService.init(AbstractBaseFileService.java:51)
	at im.zhaojun.zfile.module.storage.service.base.AbstractBaseFileService$$FastClassBySpringCGLIB$$62b26e6e.invoke(<generated>)
	at org.springframework.cglib.proxy.MethodProxy.invoke(MethodProxy.java:218)
	at org.springframework.aop.framework.CglibAopProxy$CglibMethodInvocation.invokeJoinpoint(CglibAopProxy.java:793)
	at org.springframework.aop.framework.ReflectiveMethodInvocation.proceed(ReflectiveMethodInvocation.java:163)
	at org.springframework.aop.framework.CglibAopProxy$CglibMethodInvocation.proceed(CglibAopProxy.java:763)
	at org.springframework.aop.interceptor.ExposeInvocationInterceptor.invoke(ExposeInvocationInterceptor.java:97)
	at org.springframework.aop.framework.ReflectiveMethodInvocation.proceed(ReflectiveMethodInvocation.java:186)
	at org.springframework.aop.framework.CglibAopProxy$CglibMethodInvocation.proceed(CglibAopProxy.java:763)
	at org.springframework.aop.framework.CglibAopProxy$DynamicAdvisedInterceptor.intercept(CglibAopProxy.java:708)
	at im.zhaojun.zfile.module.storage.service.impl.LocalServiceImpl$$EnhancerBySpringCGLIB$$f7461a9e.init(<generated>)
	at im.zhaojun.zfile.module.storage.context.StorageSourceContext.init(StorageSourceContext.java:168)
	at im.zhaojun.zfile.module.storage.service.StorageSourceService.saveStorageSource(StorageSourceService.java:327)
	at im.zhaojun.zfile.module.storage.service.StorageSourceService$$FastClassBySpringCGLIB$$938845a4.invoke(<generated>)
	at org.springframework.cglib.proxy.MethodProxy.invoke(MethodProxy.java:218)
	at org.springframework.aop.framework.CglibAopProxy$CglibMethodInvocation.invokeJoinpoint(CglibAopProxy.java:793)
	at org.springframework.aop.framework.ReflectiveMethodInvocation.proceed(ReflectiveMethodInvocation.java:163)
	at org.springframework.aop.framework.CglibAopProxy$CglibMethodInvocation.proceed(CglibAopProxy.java:763)
	at org.springframework.transaction.interceptor.TransactionInterceptor$1.proceedWithInvocation(TransactionInterceptor.java:123)
	at org.springframework.transaction.interceptor.TransactionAspectSupport.invokeWithinTransaction(TransactionAspectSupport.java:388)
	at org.springframework.transaction.interceptor.TransactionInterceptor.invoke(TransactionInterceptor.java:119)
	at org.springframework.aop.framework.ReflectiveMethodInvocation.proceed(ReflectiveMethodInvocation.java:186)
	at org.springframework.aop.framework.CglibAopProxy$CglibMethodInvocation.proceed(CglibAopProxy.java:763)
	at org.springframework.aop.framework.CglibAopProxy$DynamicAdvisedInterceptor.intercept(CglibAopProxy.java:708)
	at im.zhaojun.zfile.module.storage.service.StorageSourceService$$EnhancerBySpringCGLIB$$b3a56c26.saveStorageSource(<generated>)
	at im.zhaojun.zfile.module.storage.controller.base.StorageSourceController.saveStorageItem(StorageSourceController.java:80)
	at sun.reflect.NativeMethodAccessorImpl.invoke0(Native Method)
	at sun.reflect.NativeMethodAccessorImpl.invoke(NativeMethodAccessorImpl.java:62)
	at sun.reflect.DelegatingMethodAccessorImpl.invoke(DelegatingMethodAccessorImpl.java:43)
	at java.lang.reflect.Method.invoke(Method.java:498)
	at org.springframework.web.method.support.InvocableHandlerMethod.doInvoke(InvocableHandlerMethod.java:205)
	at org.springframework.web.method.support.InvocableHandlerMethod.invokeForRequest(InvocableHandlerMethod.java:150)
	at org.springframework.web.servlet.mvc.method.annotation.ServletInvocableHandlerMethod.invokeAndHandle(ServletInvocableHandlerMethod.java:117)
	at org.springframework.web.servlet.mvc.method.annotation.RequestMappingHandlerAdapter.invokeHandlerMethod(RequestMappingHandlerAdapter.java:895)
	at org.springframework.web.servlet.mvc.method.annotation.RequestMappingHandlerAdapter.handleInternal(RequestMappingHandlerAdapter.java:808)
	at org.springframework.web.servlet.mvc.method.AbstractHandlerMethodAdapter.handle(AbstractHandlerMethodAdapter.java:87)
	at org.springframework.web.servlet.DispatcherServlet.doDispatch(DispatcherServlet.java:1072)
	at org.springframework.web.servlet.DispatcherServlet.doService(DispatcherServlet.java:965)
	at org.springframework.web.servlet.FrameworkServlet.processRequest(FrameworkServlet.java:1006)
	at org.springframework.web.servlet.FrameworkServlet.doPost(FrameworkServlet.java:909)
	at javax.servlet.http.HttpServlet.service(HttpServlet.java:555)
	at org.springframework.web.servlet.FrameworkServlet.service(FrameworkServlet.java:883)
	at javax.servlet.http.HttpServlet.service(HttpServlet.java:623)
	at org.apache.catalina.core.ApplicationFilterChain.internalDoFilter(ApplicationFilterChain.java:209)
	at org.apache.catalina.core.ApplicationFilterChain.doFilter(ApplicationFilterChain.java:153)
	at org.apache.tomcat.websocket.server.WsFilter.doFilter(WsFilter.java:51)
	at org.apache.catalina.core.ApplicationFilterChain.internalDoFilter(ApplicationFilterChain.java:178)
	at org.apache.catalina.core.ApplicationFilterChain.doFilter(ApplicationFilterChain.java:153)
	at im.zhaojun.zfile.core.filter.MDCFilter.doFilter(MDCFilter.java:35)
	at org.apache.catalina.core.ApplicationFilterChain.internalDoFilter(ApplicationFilterChain.java:178)
	at org.apache.catalina.core.ApplicationFilterChain.doFilter(ApplicationFilterChain.java:153)
	at im.zhaojun.zfile.core.filter.CorsFilter.doFilter(CorsFilter.java:38)
	at org.apache.catalina.core.ApplicationFilterChain.internalDoFilter(ApplicationFilterChain.java:178)
	at org.apache.catalina.core.ApplicationFilterChain.doFilter(ApplicationFilterChain.java:153)
	at org.springframework.web.filter.RequestContextFilter.doFilterInternal(RequestContextFilter.java:100)
	at org.springframework.web.filter.OncePerRequestFilter.doFilter(OncePerRequestFilter.java:117)
	at org.apache.catalina.core.ApplicationFilterChain.internalDoFilter(ApplicationFilterChain.java:178)
	at org.apache.catalina.core.ApplicationFilterChain.doFilter(ApplicationFilterChain.java:153)
	at org.springframework.web.filter.FormContentFilter.doFilterInternal(FormContentFilter.java:93)
	at org.springframework.web.filter.OncePerRequestFilter.doFilter(OncePerRequestFilter.java:117)
	at org.apache.catalina.core.ApplicationFilterChain.internalDoFilter(ApplicationFilterChain.java:178)
	at org.apache.catalina.core.ApplicationFilterChain.doFilter(ApplicationFilterChain.java:153)
	at org.springframework.web.filter.CharacterEncodingFilter.doFilterInternal(CharacterEncodingFilter.java:201)
	at org.springframework.web.filter.OncePerRequestFilter.doFilter(OncePerRequestFilter.java:117)
	at org.apache.catalina.core.ApplicationFilterChain.internalDoFilter(ApplicationFilterChain.java:178)
	at org.apache.catalina.core.ApplicationFilterChain.doFilter(ApplicationFilterChain.java:153)
	at org.apache.catalina.core.StandardWrapperValve.invoke(StandardWrapperValve.java:167)
	at org.apache.catalina.core.StandardContextValve.invoke(StandardContextValve.java:90)
	at org.apache.catalina.authenticator.AuthenticatorBase.invoke(AuthenticatorBase.java:481)
	at org.apache.catalina.core.StandardHostValve.invoke(StandardHostValve.java:130)
	at org.apache.catalina.valves.ErrorReportValve.invoke(ErrorReportValve.java:93)
	at org.apache.catalina.core.StandardEngineValve.invoke(StandardEngineValve.java:74)
	at org.apache.catalina.connector.CoyoteAdapter.service(CoyoteAdapter.java:343)
	at org.apache.coyote.http11.Http11Processor.service(Http11Processor.java:390)
	at org.apache.coyote.AbstractProcessorLight.process(AbstractProcessorLight.java:63)
	at org.apache.coyote.AbstractProtocol$ConnectionHandler.process(AbstractProtocol.java:926)
	at org.apache.tomcat.util.net.NioEndpoint$SocketProcessor.doRun(NioEndpoint.java:1791)
	at org.apache.tomcat.util.net.SocketProcessorBase.run(SocketProcessorBase.java:52)
	at org.apache.tomcat.util.threads.ThreadPoolExecutor.runWorker(ThreadPoolExecutor.java:1191)
	at org.apache.tomcat.util.threads.ThreadPoolExecutor$Worker.run(ThreadPoolExecutor.java:659)
	at org.apache.tomcat.util.threads.TaskThread$WrappingRunnable.run(TaskThread.java:61)
	at java.lang.Thread.run(Thread.java:826)

2023-11-19 00:56:05.196  INFO 7 --- [61e5b831-024e-43d0-89a5-16bd08cf5552] [     admin] [     172.20.0.1] [http-nio-8080-exec-4] i.z.z.m.s.service.StorageSourceService   : 尝试保存存储源, id: null, name: XRViewer, key: null, type: 本地存储
2023-11-19 00:56:05.201  INFO 7 --- [61e5b831-024e-43d0-89a5-16bd08cf5552] [     admin] [     172.20.0.1] [http-nio-8080-exec-4] i.z.z.m.s.service.StorageSourceService   : 保存存储源成功, id: 1, name: XRViewer, key: 1, type: 本地存储
2023-11-19 00:56:05.210  INFO 7 --- [61e5b831-024e-43d0-89a5-16bd08cf5552] [     admin] [     172.20.0.1] [http-nio-8080-exec-4] i.z.z.m.s.s.StorageSourceConfigService   : 删除存储源 ID 为 1 的参数配置 0 条
2023-11-19 00:56:05.211  INFO 7 --- [61e5b831-024e-43d0-89a5-16bd08cf5552] [     admin] [     172.20.0.1] [http-nio-8080-exec-4] i.z.z.m.s.s.StorageSourceConfigService   : 更新存储源 ID 为 1 的参数配置 4 条
2023-11-19 00:56:05.214  INFO 7 --- [61e5b831-024e-43d0-89a5-16bd08cf5552] [     admin] [     172.20.0.1] [http-nio-8080-exec-4] i.z.z.m.s.service.StorageSourceService   : 保存存储源参数成功，尝试根据参数初始化存储源, id: 1, name: XRViewer, config size: 4
2023-11-19 00:56:05.217  INFO 7 --- [61e5b831-024e-43d0-89a5-16bd08cf5552] [     admin] [     172.20.0.1] [http-nio-8080-exec-4] i.z.z.m.s.service.StorageSourceService   : 根据参数初始化存储源成功, id: 1, name: XRViewer, config size: 4
2023-11-19 00:56:21.069  INFO 7 --- [b7935591-5cbe-4c23-a51b-009ea83e0f97] [     admin] [     172.20.0.1] [http-nio-8080-exec-1] i.z.z.m.r.service.ReadmeConfigService    : 存储源 1 规则模式获取目录 / 下文档信息
2023-11-19 00:56:30.305  INFO 7 --- [843df0c1-da45-485b-b0d8-82cce0f7cf82] [     admin] [     172.20.0.1] [http-nio-8080-exec-10] i.z.z.m.r.service.ReadmeConfigService    : 存储源 1 规则模式获取目录 / 下文档信息
2023-11-19 00:56:52.102  INFO 7 --- [de0bddb4-f165-4bc4-bf20-64e238f73385] [     admin] [     172.20.0.1] [http-nio-8080-exec-1] i.z.z.m.r.service.ReadmeConfigService    : 存储源 1 规则模式获取目录 / 下文档信息
